Analysis & Synthesis report for MIPS
Sun Dec 13 22:04:25 2015
Quartus II 32-bit Version 12.0 Build 178 05/31/2012 SJ Web Edition


---------------------
; Table of Contents ;
---------------------
  1. Legal Notice
  2. Analysis & Synthesis Summary
  3. Analysis & Synthesis Settings
  4. Parallel Compilation
  5. Analysis & Synthesis Source Files Read
  6. Analysis & Synthesis Resource Usage Summary
  7. Analysis & Synthesis Resource Utilization by Entity
  8. Registers Removed During Synthesis
  9. Removed Registers Triggering Further Register Optimizations
 10. General Register Statistics
 11. Multiplexer Restructuring Statistics (Restructuring Performed)
 12. Parameter Settings for User Entity Instance: ALU:ALU_execute
 13. Port Connectivity Checks: "ALU:ALU_execute"
 14. Elapsed Time Per Partition
 15. Analysis & Synthesis Messages
 16. Analysis & Synthesis Suppressed Messages



----------------
; Legal Notice ;
----------------
Copyright (C) 1991-2012 Altera Corporation
Your use of Altera Corporation's design tools, logic functions 
and other software and tools, and its AMPP partner logic 
functions, and any output files from any of the foregoing 
(including device programming or simulation files), and any 
associated documentation or information are expressly subject 
to the terms and conditions of the Altera Program License 
Subscription Agreement, Altera MegaCore Function License 
Agreement, or other applicable license agreement, including, 
without limitation, that your use is for the sole purpose of 
programming logic devices manufactured by Altera and sold by 
Altera or its authorized distributors.  Please refer to the 
applicable agreement for further details.



+-------------------------------------------------------------------------------+
; Analysis & Synthesis Summary                                                  ;
+------------------------------------+------------------------------------------+
; Analysis & Synthesis Status        ; Successful - Sun Dec 13 22:04:25 2015    ;
; Quartus II 32-bit Version          ; 12.0 Build 178 05/31/2012 SJ Web Edition ;
; Revision Name                      ; MIPS                                     ;
; Top-level Entity Name              ; datapath                                 ;
; Family                             ; Cyclone II                               ;
; Total logic elements               ; 3,680                                    ;
;     Total combinational functions  ; 2,646                                    ;
;     Dedicated logic registers      ; 1,325                                    ;
; Total registers                    ; 1325                                     ;
; Total pins                         ; 236                                      ;
; Total virtual pins                 ; 0                                        ;
; Total memory bits                  ; 0                                        ;
; Embedded Multiplier 9-bit elements ; 0                                        ;
; Total PLLs                         ; 0                                        ;
+------------------------------------+------------------------------------------+


+----------------------------------------------------------------------------------------------------------------------+
; Analysis & Synthesis Settings                                                                                        ;
+----------------------------------------------------------------------------+--------------------+--------------------+
; Option                                                                     ; Setting            ; Default Value      ;
+----------------------------------------------------------------------------+--------------------+--------------------+
; Device                                                                     ; EP2C35F672C6       ;                    ;
; Top-level entity name                                                      ; datapath           ; MIPS               ;
; Family name                                                                ; Cyclone II         ; Cyclone IV GX      ;
; Use smart compilation                                                      ; Off                ; Off                ;
; Enable parallel Assembler and TimeQuest Timing Analyzer during compilation ; On                 ; On                 ;
; Enable compact report table                                                ; Off                ; Off                ;
; Restructure Multiplexers                                                   ; Auto               ; Auto               ;
; Create Debugging Nodes for IP Cores                                        ; Off                ; Off                ;
; Preserve fewer node names                                                  ; On                 ; On                 ;
; Disable OpenCore Plus hardware evaluation                                  ; Off                ; Off                ;
; Verilog Version                                                            ; Verilog_2001       ; Verilog_2001       ;
; VHDL Version                                                               ; VHDL_1993          ; VHDL_1993          ;
; State Machine Processing                                                   ; Auto               ; Auto               ;
; Safe State Machine                                                         ; Off                ; Off                ;
; Extract Verilog State Machines                                             ; On                 ; On                 ;
; Extract VHDL State Machines                                                ; On                 ; On                 ;
; Ignore Verilog initial constructs                                          ; Off                ; Off                ;
; Iteration limit for constant Verilog loops                                 ; 5000               ; 5000               ;
; Iteration limit for non-constant Verilog loops                             ; 250                ; 250                ;
; Add Pass-Through Logic to Inferred RAMs                                    ; On                 ; On                 ;
; Infer RAMs from Raw Logic                                                  ; On                 ; On                 ;
; Parallel Synthesis                                                         ; On                 ; On                 ;
; DSP Block Balancing                                                        ; Auto               ; Auto               ;
; NOT Gate Push-Back                                                         ; On                 ; On                 ;
; Power-Up Don't Care                                                        ; On                 ; On                 ;
; Remove Redundant Logic Cells                                               ; Off                ; Off                ;
; Remove Duplicate Registers                                                 ; On                 ; On                 ;
; Ignore CARRY Buffers                                                       ; Off                ; Off                ;
; Ignore CASCADE Buffers                                                     ; Off                ; Off                ;
; Ignore GLOBAL Buffers                                                      ; Off                ; Off                ;
; Ignore ROW GLOBAL Buffers                                                  ; Off                ; Off                ;
; Ignore LCELL Buffers                                                       ; Off                ; Off                ;
; Ignore SOFT Buffers                                                        ; On                 ; On                 ;
; Limit AHDL Integers to 32 Bits                                             ; Off                ; Off                ;
; Optimization Technique                                                     ; Balanced           ; Balanced           ;
; Carry Chain Length                                                         ; 70                 ; 70                 ;
; Auto Carry Chains                                                          ; On                 ; On                 ;
; Auto Open-Drain Pins                                                       ; On                 ; On                 ;
; Perform WYSIWYG Primitive Resynthesis                                      ; Off                ; Off                ;
; Auto ROM Replacement                                                       ; On                 ; On                 ;
; Auto RAM Replacement                                                       ; On                 ; On                 ;
; Auto Shift Register Replacement                                            ; Auto               ; Auto               ;
; Allow Shift Register Merging across Hierarchies                            ; Auto               ; Auto               ;
; Auto Clock Enable Replacement                                              ; On                 ; On                 ;
; Strict RAM Replacement                                                     ; Off                ; Off                ;
; Allow Synchronous Control Signals                                          ; On                 ; On                 ;
; Force Use of Synchronous Clear Signals                                     ; Off                ; Off                ;
; Auto RAM to Logic Cell Conversion                                          ; Off                ; Off                ;
; Auto Resource Sharing                                                      ; Off                ; Off                ;
; Allow Any RAM Size For Recognition                                         ; Off                ; Off                ;
; Allow Any ROM Size For Recognition                                         ; Off                ; Off                ;
; Allow Any Shift Register Size For Recognition                              ; Off                ; Off                ;
; Use LogicLock Constraints during Resource Balancing                        ; On                 ; On                 ;
; Ignore translate_off and synthesis_off directives                          ; Off                ; Off                ;
; Timing-Driven Synthesis                                                    ; Off                ; Off                ;
; Report Parameter Settings                                                  ; On                 ; On                 ;
; Report Source Assignments                                                  ; On                 ; On                 ;
; Report Connectivity Checks                                                 ; On                 ; On                 ;
; Ignore Maximum Fan-Out Assignments                                         ; Off                ; Off                ;
; Synchronization Register Chain Length                                      ; 2                  ; 2                  ;
; PowerPlay Power Optimization                                               ; Normal compilation ; Normal compilation ;
; HDL message level                                                          ; Level2             ; Level2             ;
; Suppress Register Optimization Related Messages                            ; Off                ; Off                ;
; Number of Removed Registers Reported in Synthesis Report                   ; 5000               ; 5000               ;
; Number of Swept Nodes Reported in Synthesis Report                         ; 5000               ; 5000               ;
; Number of Inverted Registers Reported in Synthesis Report                  ; 100                ; 100                ;
; Clock MUX Protection                                                       ; On                 ; On                 ;
; Auto Gated Clock Conversion                                                ; Off                ; Off                ;
; Block Design Naming                                                        ; Auto               ; Auto               ;
; SDC constraint protection                                                  ; Off                ; Off                ;
; Synthesis Effort                                                           ; Auto               ; Auto               ;
; Shift Register Replacement - Allow Asynchronous Clear Signal               ; On                 ; On                 ;
; Analysis & Synthesis Message Level                                         ; Medium             ; Medium             ;
; Disable Register Merging Across Hierarchies                                ; Auto               ; Auto               ;
; Resource Aware Inference For Block RAM                                     ; On                 ; On                 ;
; Synthesis Seed                                                             ; 1                  ; 1                  ;
+----------------------------------------------------------------------------+--------------------+--------------------+


Parallel compilation was disabled, but you have multiple processors available. Enable parallel compilation to reduce compilation time.
+-------------------------------------+
; Parallel Compilation                ;
+----------------------------+--------+
; Processors                 ; Number ;
+----------------------------+--------+
; Number detected on machine ; 4      ;
; Maximum allowed            ; 1      ;
+----------------------------+--------+


+--------------------------------------------------------------------------------------------------------------------------------------------------------------------+
; Analysis & Synthesis Source Files Read                                                                                                                             ;
+----------------------------------+-----------------+------------------------+----------------------------------------------------------------------------+---------+
; File Name with User-Entered Path ; Used in Netlist ; File Type              ; File Name with Absolute Path                                               ; Library ;
+----------------------------------+-----------------+------------------------+----------------------------------------------------------------------------+---------+
; ALU.v                            ; yes             ; User Verilog HDL File  ; F:/Google Drive/SET Document/SET/Term 7/Kien truc may tinh/MIPS/ALU.v      ;         ;
; SignEx.v                         ; yes             ; User Verilog HDL File  ; F:/Google Drive/SET Document/SET/Term 7/Kien truc may tinh/MIPS/SignEx.v   ;         ;
; RegFile.v                        ; yes             ; User Verilog HDL File  ; F:/Google Drive/SET Document/SET/Term 7/Kien truc may tinh/MIPS/RegFile.v  ;         ;
; datapath.v                       ; yes             ; User Verilog HDL File  ; F:/Google Drive/SET Document/SET/Term 7/Kien truc may tinh/MIPS/datapath.v ;         ;
+----------------------------------+-----------------+------------------------+----------------------------------------------------------------------------+---------+


+-----------------------------------------------------+
; Analysis & Synthesis Resource Usage Summary         ;
+---------------------------------------------+-------+
; Resource                                    ; Usage ;
+---------------------------------------------+-------+
; Estimated Total logic elements              ; 3,680 ;
;                                             ;       ;
; Total combinational functions               ; 2646  ;
; Logic element usage by number of LUT inputs ;       ;
;     -- 4 input functions                    ; 2121  ;
;     -- 3 input functions                    ; 436   ;
;     -- <=2 input functions                  ; 89    ;
;                                             ;       ;
; Logic elements by mode                      ;       ;
;     -- normal mode                          ; 2525  ;
;     -- arithmetic mode                      ; 121   ;
;                                             ;       ;
; Total registers                             ; 1325  ;
;     -- Dedicated logic registers            ; 1325  ;
;     -- I/O registers                        ; 0     ;
;                                             ;       ;
; I/O pins                                    ; 236   ;
; Maximum fan-out node                        ; clk   ;
; Maximum fan-out                             ; 1325  ;
; Total fan-out                               ; 15259 ;
; Average fan-out                             ; 3.63  ;
+---------------------------------------------+-------+


+-------------------------------------------------------------------------------------------------------------------------------------------------------------------------------------------+
; Analysis & Synthesis Resource Utilization by Entity                                                                                                                                       ;
+-----------------------------+-------------------+--------------+-------------+--------------+---------+-----------+------+--------------+----------------------------------+--------------+
; Compilation Hierarchy Node  ; LC Combinationals ; LC Registers ; Memory Bits ; DSP Elements ; DSP 9x9 ; DSP 18x18 ; Pins ; Virtual Pins ; Full Hierarchy Name              ; Library Name ;
+-----------------------------+-------------------+--------------+-------------+--------------+---------+-----------+------+--------------+----------------------------------+--------------+
; |datapath                   ; 2646 (642)        ; 1325 (333)   ; 0           ; 0            ; 0       ; 0         ; 236  ; 0            ; |datapath                        ;              ;
;    |ALU:ALU_execute|        ; 686 (686)         ; 0 (0)        ; 0           ; 0            ; 0       ; 0         ; 0    ; 0            ; |datapath|ALU:ALU_execute        ;              ;
;    |RegFile:regfile_decode| ; 1318 (1318)       ; 992 (992)    ; 0           ; 0            ; 0       ; 0         ; 0    ; 0            ; |datapath|RegFile:regfile_decode ;              ;
+-----------------------------+-------------------+--------------+-------------+--------------+---------+-----------+------+--------------+----------------------------------+--------------+
Note: For table entries with two numbers listed, the numbers in parentheses indicate the number of resources of the given type used by the specific entity alone. The numbers listed outside of parentheses indicate the total resources of the given type used by the specific entity and all of its sub-entities in the hierarchy.


+---------------------------------------------------------------------------------------+
; Registers Removed During Synthesis                                                    ;
+-----------------------------------------+---------------------------------------------+
; Register name                           ; Reason for Removal                          ;
+-----------------------------------------+---------------------------------------------+
; regif[1]                                ; Merged with regif[0]                        ;
; regd[1]                                 ; Merged with regd[0]                         ;
; regex[16..31,36]                        ; Merged with regex[15]                       ;
; regex[35]                               ; Merged with regex[14]                       ;
; regex[34]                               ; Merged with regex[13]                       ;
; regex[33]                               ; Merged with regex[12]                       ;
; regex[32]                               ; Merged with regex[11]                       ;
; RegFile:regfile_decode|Registers[0][31] ; Stuck at GND due to stuck port clock_enable ;
; RegFile:regfile_decode|Registers[0][30] ; Stuck at GND due to stuck port clock_enable ;
; RegFile:regfile_decode|Registers[0][29] ; Stuck at GND due to stuck port clock_enable ;
; RegFile:regfile_decode|Registers[0][28] ; Stuck at GND due to stuck port clock_enable ;
; RegFile:regfile_decode|Registers[0][27] ; Stuck at GND due to stuck port clock_enable ;
; RegFile:regfile_decode|Registers[0][26] ; Stuck at GND due to stuck port clock_enable ;
; RegFile:regfile_decode|Registers[0][25] ; Stuck at GND due to stuck port clock_enable ;
; RegFile:regfile_decode|Registers[0][24] ; Stuck at GND due to stuck port clock_enable ;
; RegFile:regfile_decode|Registers[0][23] ; Stuck at GND due to stuck port clock_enable ;
; RegFile:regfile_decode|Registers[0][22] ; Stuck at GND due to stuck port clock_enable ;
; RegFile:regfile_decode|Registers[0][21] ; Stuck at GND due to stuck port clock_enable ;
; RegFile:regfile_decode|Registers[0][20] ; Stuck at GND due to stuck port clock_enable ;
; RegFile:regfile_decode|Registers[0][19] ; Stuck at GND due to stuck port clock_enable ;
; RegFile:regfile_decode|Registers[0][18] ; Stuck at GND due to stuck port clock_enable ;
; RegFile:regfile_decode|Registers[0][17] ; Stuck at GND due to stuck port clock_enable ;
; RegFile:regfile_decode|Registers[0][16] ; Stuck at GND due to stuck port clock_enable ;
; RegFile:regfile_decode|Registers[0][15] ; Stuck at GND due to stuck port clock_enable ;
; RegFile:regfile_decode|Registers[0][14] ; Stuck at GND due to stuck port clock_enable ;
; RegFile:regfile_decode|Registers[0][13] ; Stuck at GND due to stuck port clock_enable ;
; RegFile:regfile_decode|Registers[0][12] ; Stuck at GND due to stuck port clock_enable ;
; RegFile:regfile_decode|Registers[0][11] ; Stuck at GND due to stuck port clock_enable ;
; RegFile:regfile_decode|Registers[0][10] ; Stuck at GND due to stuck port clock_enable ;
; RegFile:regfile_decode|Registers[0][9]  ; Stuck at GND due to stuck port clock_enable ;
; RegFile:regfile_decode|Registers[0][8]  ; Stuck at GND due to stuck port clock_enable ;
; RegFile:regfile_decode|Registers[0][7]  ; Stuck at GND due to stuck port clock_enable ;
; RegFile:regfile_decode|Registers[0][6]  ; Stuck at GND due to stuck port clock_enable ;
; RegFile:regfile_decode|Registers[0][5]  ; Stuck at GND due to stuck port clock_enable ;
; RegFile:regfile_decode|Registers[0][4]  ; Stuck at GND due to stuck port clock_enable ;
; RegFile:regfile_decode|Registers[0][3]  ; Stuck at GND due to stuck port clock_enable ;
; RegFile:regfile_decode|Registers[0][2]  ; Stuck at GND due to stuck port clock_enable ;
; RegFile:regfile_decode|Registers[0][1]  ; Stuck at GND due to stuck port clock_enable ;
; RegFile:regfile_decode|Registers[0][0]  ; Stuck at GND due to stuck port clock_enable ;
; regd[0]                                 ; Stuck at GND due to stuck port data_in      ;
; regif[0]                                ; Stuck at GND due to stuck port data_in      ;
; Total Number of Removed Registers = 57  ;                                             ;
+-----------------------------------------+---------------------------------------------+


+-------------------------------------------------------------------------------------------------------------------+
; Removed Registers Triggering Further Register Optimizations                                                       ;
+-----------------------------------------+--------------------------------+----------------------------------------+
; Register name                           ; Reason for Removal             ; Registers Removed due to This Register ;
+-----------------------------------------+--------------------------------+----------------------------------------+
; RegFile:regfile_decode|Registers[0][31] ; Stuck at GND                   ; regd[0], regif[0]                      ;
;                                         ; due to stuck port clock_enable ;                                        ;
+-----------------------------------------+--------------------------------+----------------------------------------+


+------------------------------------------------------+
; General Register Statistics                          ;
+----------------------------------------------+-------+
; Statistic                                    ; Value ;
+----------------------------------------------+-------+
; Total registers                              ; 1325  ;
; Number of registers using Synchronous Clear  ; 8     ;
; Number of registers using Synchronous Load   ; 38    ;
; Number of registers using Asynchronous Clear ; 1325  ;
; Number of registers using Asynchronous Load  ; 0     ;
; Number of registers using Clock Enable       ; 1084  ;
; Number of registers using Preset             ; 0     ;
+----------------------------------------------+-------+


+------------------------------------------------------------------------------------------------------------------------------------------------------------------------+
; Multiplexer Restructuring Statistics (Restructuring Performed)                                                                                                         ;
+--------------------+-----------+---------------+----------------------+------------------------+------------------------------------------+----------------------------+
; Multiplexer Inputs ; Bus Width ; Baseline Area ; Area if Restructured ; Saving if Restructured ; Registered                               ; Example Multiplexer Output ;
+--------------------+-----------+---------------+----------------------+------------------------+------------------------------------------+----------------------------+
; 3:1                ; 63 bits   ; 126 LEs       ; 63 LEs               ; 63 LEs                 ; |datapath|regd[35]                       ;                            ;
; 3:1                ; 30 bits   ; 60 LEs        ; 60 LEs               ; 0 LEs                  ; |datapath|regif[12]                      ;                            ;
; 17:1               ; 7 bits    ; 77 LEs        ; 56 LEs               ; 21 LEs                 ; |datapath|regmem[55]                     ;                            ;
; 16:1               ; 7 bits    ; 70 LEs        ; 56 LEs               ; 14 LEs                 ; |datapath|regmem[51]                     ;                            ;
; 18:1               ; 4 bits    ; 48 LEs        ; 32 LEs               ; 16 LEs                 ; |datapath|regmem[61]                     ;                            ;
; 17:1               ; 4 bits    ; 44 LEs        ; 32 LEs               ; 12 LEs                 ; |datapath|regmem[44]                     ;                            ;
; 19:1               ; 2 bits    ; 24 LEs        ; 18 LEs               ; 6 LEs                  ; |datapath|regmem[66]                     ;                            ;
; 18:1               ; 2 bits    ; 24 LEs        ; 18 LEs               ; 6 LEs                  ; |datapath|regmem[39]                     ;                            ;
; 3:1                ; 32 bits   ; 64 LEs        ; 64 LEs               ; 0 LEs                  ; |datapath|writedatae[5]                  ;                            ;
; 3:1                ; 32 bits   ; 64 LEs        ; 64 LEs               ; 0 LEs                  ; |datapath|srcae[8]                       ;                            ;
; 33:1               ; 32 bits   ; 704 LEs       ; 704 LEs              ; 0 LEs                  ; |datapath|RegFile:regfile_decode|RD1[19] ;                            ;
; 33:1               ; 32 bits   ; 704 LEs       ; 704 LEs              ; 0 LEs                  ; |datapath|RegFile:regfile_decode|RD2[4]  ;                            ;
+--------------------+-----------+---------------+----------------------+------------------------+------------------------------------------+----------------------------+


+--------------------------------------------------------------+
; Parameter Settings for User Entity Instance: ALU:ALU_execute ;
+----------------+-------+-------------------------------------+
; Parameter Name ; Value ; Type                                ;
+----------------+-------+-------------------------------------+
; N              ; 32    ; Signed Integer                      ;
+----------------+-------+-------------------------------------+
Note: In order to hide this table in the UI and the text report file, please set the "Show Parameter Settings in Synthesis Report" option in "Analysis and Synthesis Settings -> More Settings" to "Off".


+---------------------------------------------------+
; Port Connectivity Checks: "ALU:ALU_execute"       ;
+------+--------+----------+------------------------+
; Port ; Type   ; Severity ; Details                ;
+------+--------+----------+------------------------+
; ZF   ; Output ; Info     ; Explicitly unconnected ;
+------+--------+----------+------------------------+


+-------------------------------+
; Elapsed Time Per Partition    ;
+----------------+--------------+
; Partition Name ; Elapsed Time ;
+----------------+--------------+
; Top            ; 00:00:20     ;
+----------------+--------------+


+-------------------------------+
; Analysis & Synthesis Messages ;
+-------------------------------+
Info: *******************************************************************
Info: Running Quartus II 32-bit Analysis & Synthesis
    Info: Version 12.0 Build 178 05/31/2012 SJ Web Edition
    Info: Processing started: Sun Dec 13 22:04:04 2015
Info: Command: quartus_map --read_settings_files=on --write_settings_files=off MIPS -c MIPS
Warning (20028): Parallel compilation is not licensed and has been disabled
Info (12021): Found 1 design units, including 1 entities, in source file dmem.v
    Info (12023): Found entity 1: dmem
Info (12021): Found 1 design units, including 1 entities, in source file alu.v
    Info (12023): Found entity 1: ALU
Info (12021): Found 1 design units, including 1 entities, in source file mux4_1.v
    Info (12023): Found entity 1: MUX4_1
Info (12021): Found 1 design units, including 1 entities, in source file maindec.v
    Info (12023): Found entity 1: MainDec
Info (12021): Found 1 design units, including 1 entities, in source file aludec.v
    Info (12023): Found entity 1: ALUDec
Info (12021): Found 1 design units, including 1 entities, in source file cu.v
    Info (12023): Found entity 1: CU
Info (12021): Found 1 design units, including 1 entities, in source file signex.v
    Info (12023): Found entity 1: SignEx
Info (12021): Found 1 design units, including 1 entities, in source file regfile.v
    Info (12023): Found entity 1: RegFile
Info (12021): Found 1 design units, including 1 entities, in source file imem.v
    Info (12023): Found entity 1: imem
Info (12021): Found 1 design units, including 1 entities, in source file hazardunit.v
    Info (12023): Found entity 1: HazardUnit
Info (12021): Found 1 design units, including 1 entities, in source file datapath.v
    Info (12023): Found entity 1: datapath
Info (12021): Found 1 design units, including 1 entities, in source file mips.v
    Info (12023): Found entity 1: mips
Info (12021): Found 1 design units, including 1 entities, in source file top.v
    Info (12023): Found entity 1: top
Info (12021): Found 1 design units, including 1 entities, in source file testbench.v
    Info (12023): Found entity 1: testbench
Info (12127): Elaborating entity "datapath" for the top level hierarchy
Info (12128): Elaborating entity "RegFile" for hierarchy "RegFile:regfile_decode"
Warning (10240): Verilog HDL Always Construct warning at RegFile.v(17): inferring latch(es) for variable "i", which holds its previous value in one or more paths through the always construct
Info (12128): Elaborating entity "SignEx" for hierarchy "SignEx:signex_decode"
Info (12128): Elaborating entity "ALU" for hierarchy "ALU:ALU_execute"
Warning (10764): Verilog HDL warning at ALU.v(20): converting signed shift amount to unsigned
Warning (10764): Verilog HDL warning at ALU.v(21): converting signed shift amount to unsigned
Warning (10764): Verilog HDL warning at ALU.v(22): converting signed shift amount to unsigned
Warning (13024): Output pins are stuck at VCC or GND
    Warning (13410): Pin "pc[0]" is stuck at GND
    Warning (13410): Pin "pc[1]" is stuck at GND
Info (144001): Generated suppressed messages file F:/Google Drive/SET Document/SET/Term 7/Kien truc may tinh/MIPS/output_files/MIPS.map.smsg
Info (16010): Generating hard_block partition "hard_block:auto_generated_inst"
    Info (16011): Adding 0 node(s), including 0 DDIO, 0 PLL, 0 transceiver and 0 LCELL
Warning (21074): Design contains 1 input pin(s) that do not drive logic
    Warning (15610): No output dependent on input pin "regwrited"
Info (21057): Implemented 3985 device resources after synthesis - the final resource count might be different
    Info (21058): Implemented 87 input pins
    Info (21059): Implemented 149 output pins
    Info (21061): Implemented 3749 logic cells
Info: Quartus II 32-bit Analysis & Synthesis was successful. 0 errors, 10 warnings
    Info: Peak virtual memory: 359 megabytes
    Info: Processing ended: Sun Dec 13 22:04:25 2015
    Info: Elapsed time: 00:00:21
    Info: Total CPU time (on all processors): 00:00:21


+------------------------------------------+
; Analysis & Synthesis Suppressed Messages ;
+------------------------------------------+
The suppressed messages can be found in F:/Google Drive/SET Document/SET/Term 7/Kien truc may tinh/MIPS/output_files/MIPS.map.smsg.


